        -:    0:Source:C:/Users/emanu/CLionProjects/oop_qt/main.cpp
        -:    0:Graph:C:\Users\emanu\CLionProjects\oop_qt\cmake-build-debug-coverage\CMakeFiles\oop_qt.dir\main.cpp.gcno
        -:    0:Data:C:\Users\emanu\CLionProjects\oop_qt\cmake-build-debug-coverage\CMakeFiles\oop_qt.dir\main.cpp.gcda
        -:    0:Runs:1
        -:    1:#include <QApplication>
        -:    2:#include <vector>
        -:    3:#include <string>
        -:    4:#include "locatarGUI.h"
        -:    5:#include "notificariGUI.h"
        -:    6:#include "locatar_service.h"
        -:    7:#include "locatar_repo.h"
        -:    8:#include "teste.h"
        -:    9:
        -:   10:using std::vector;
        -:   11:using std::string;
        -:   12:
function main called 1 returned 100% blocks executed 64%
        1:   13:int main(int argc, char *argv[]) {
        1:   14:    ruleaza_toate_testele();
        1:   14-block  0
call    0 returned 1
branch  1 taken 1 (fallthrough)
branch  2 taken 0 (throw)
        1:   15:    QApplication app(argc, argv);
        1:   15-block  0
call    0 returned 1
branch  1 taken 1 (fallthrough)
branch  2 taken 0 (throw)
        1:   16:    locatar_repo repo;
        1:   16-block  0
call    0 returned 1
        1:   17:    locatar_service service{ repo };
call    0 returned 1
        1:   18:    LocatarGUI gui(service);
call    0 returned 1
branch  1 taken 1 (fallthrough)
branch  2 taken 0 (throw)
        1:   19:    gui.show();
        1:   19-block  0
call    0 returned 1
branch  1 taken 1 (fallthrough)
branch  2 taken 0 (throw)
        1:   20:    NotificariGUI notificariGUI{service};
        1:   20-block  0
call    0 returned 1
branch  1 taken 1 (fallthrough)
branch  2 taken 0 (throw)
        1:   21:    notificariGUI.show();
        1:   21-block  0
call    0 returned 1
branch  1 taken 1 (fallthrough)
branch  2 taken 0 (throw)
        -:   22:
        1:   23:    return app.exec();
        1:   23-block  0
call    0 returned 1
branch  1 taken 1 (fallthrough)
branch  2 taken 0 (throw)
        1:   23-block  1
        1:   24:}
        1:   24-block  0
call    0 returned 1
call    1 returned 1
call    2 returned 1
call    3 returned 1
call    4 returned 1
    $$$$$:   24-block  1
call    5 never executed
    $$$$$:   24-block  2
call    6 never executed
    $$$$$:   24-block  3
call    7 never executed
    $$$$$:   24-block  4
call    8 never executed
    $$$$$:   24-block  5
call    9 never executed
