        -:    0:Source:C:/Users/emanu/CLionProjects/oop_qt/locatar.h
        -:    0:Graph:C:\Users\emanu\CLionProjects\oop_qt\cmake-build-debug-coverage\CMakeFiles\oop_qt.dir\main.cpp.gcno
        -:    0:Data:C:\Users\emanu\CLionProjects\oop_qt\cmake-build-debug-coverage\CMakeFiles\oop_qt.dir\main.cpp.gcda
        -:    0:Runs:1
        -:    1:#pragma once
        -:    2:#include <string>
        -:    3:#include <iostream>
        -:    4:using std::string;
        -:    5:using std::cout;
        -:    6:
        -:    7:class Locatar
        -:    8:{
        -:    9:private:
        -:   10:    int apartament;
        -:   11:    string nume_proprietar;
        -:   12:    int suprafata;
        -:   13:    string tip_apartament;
        -:   14:public:
        -:   15:    [[nodiscard]] int get_apartament() const;
        -:   16:    [[nodiscard]] int get_suprafata() const;
        -:   17:    [[nodiscard]] string get_nume_proprietar() const;
        -:   18:    [[nodiscard]] string get_tip_apartament() const;
        -:   19:    void set_apartament(int apartament);
        -:   20:    void set_suprafata(int suprafata);
        -:   21:    void set_nume_proprietar(const string& nume_proprietar);
        -:   22:    void set_tip_apartament(const string& tip_apartament);
        -:   23:    static Locatar creeaza_locatar(Locatar locatar, int apartament, const string& nume_proprietar, int suprafata, const string& tip_apartament);
function _ZN7LocatarC1ERKS_ called 123 returned 100% blocks executed 80%
      123:   24:    Locatar(const Locatar& locatar) = default;
      123:   24-block  0
call    0 returned 123
call    1 returned 123
branch  2 taken 123 (fallthrough)
branch  3 taken 0 (throw)
      123:   24-block  1
    $$$$$:   24-block  2
call    4 never executed
        -:   25:    Locatar() : apartament(0), nume_proprietar(), suprafata(0), tip_apartament() {cout<<"*\n";}
        -:   26:};
