        -:    0:Source:C:/Users/emanu/CLionProjects/oop_qt/locatar_repo.h
        -:    0:Graph:C:\Users\emanu\CLionProjects\oop_qt\cmake-build-debug-coverage\CMakeFiles\oop_qt.dir\teste.cpp.gcno
        -:    0:Data:C:\Users\emanu\CLionProjects\oop_qt\cmake-build-debug-coverage\CMakeFiles\oop_qt.dir\teste.cpp.gcda
        -:    0:Runs:1
        -:    1:#pragma once
        -:    2:#include "locatar.h"
        -:    3:#include <vector>
        -:    4:#include <string>
        -:    5:#include <map>
        -:    6:
        -:    7:class LocatarRepository {
        -:    8:public:
        -:    9:    virtual void store(const Locatar& locatar) = 0;
        -:   10:    virtual std::vector<Locatar>& get_all() = 0;
        -:   11:    virtual void destroy(int apartament, const std::string& nume_proprietar) = 0;
        -:   12:    virtual void modify(int apartament, const std::string& nume_proprietar, int suprafata, const std::string& tip_apartament) = 0;
        -:   13:    virtual Locatar find(int apartament) = 0;
function _ZN17LocatarRepositoryD2Ev called 0 returned 0% blocks executed 0%
    #####:   14:    virtual ~LocatarRepository() = default;
        -:   15:};
        -:   16:
        -:   17:class locatar_repo : public LocatarRepository {
        -:   18:private:
        -:   19:    std::vector<Locatar> locatari;
        -:   20:public:
        -:   21:    void store(const Locatar& locatar) override;
        -:   22:    std::vector<Locatar>& get_all() override;
        -:   23:    void destroy(int apartament, const std::string& nume_proprietar) override;
        -:   24:    void modify(int apartament, const std::string& nume_proprietar, int suprafata, const std::string& tip_apartament) override;
        -:   25:    Locatar find(int apartament) override;
        -:   26:};
        -:   27:
        -:   28:class repo_dictionar : public LocatarRepository {
        -:   29:private:
        -:   30:    std::map<int, Locatar> locatari;
        -:   31:    std::vector<Locatar> locatari_vector;
        -:   32:    double probabilitate;
        -:   33:
        -:   34:public:
function _ZN14repo_dictionarC1Ed called 2 returned 100% blocks executed 100%
        2:   35:    explicit repo_dictionar(double prob) : probabilitate(prob) {}
        2:   35-block  0
call    0 returned 2
call    1 returned 2
call    2 returned 2
        -:   36:
        -:   37:    void store(const Locatar& locatar) override;
        -:   38:
        -:   39:    std::vector<Locatar>& get_all() override;
        -:   40:
        -:   41:    void destroy(int apartament, const std::string& nume_proprietar) override;
        -:   42:
        -:   43:    void modify(int apartament, const std::string& nume_proprietar, int suprafata, const std::string& tip_apartament) override;
        -:   44:
        -:   45:    Locatar find(int apartament) override;
        -:   46:};
