        -:    0:Source:C:/Users/emanu/CLionProjects/oop_qt/exception.h
        -:    0:Graph:C:\Users\emanu\CLionProjects\oop_qt\cmake-build-debug-coverage\CMakeFiles\oop_qt.dir\teste.cpp.gcno
        -:    0:Data:C:\Users\emanu\CLionProjects\oop_qt\cmake-build-debug-coverage\CMakeFiles\oop_qt.dir\teste.cpp.gcda
        -:    0:Runs:1
        -:    1:#include <iostream>
        -:    2:
        -:    3:class repo_exception {
        -:    4:    std::string msg;
        -:    5:public:
        -:    6:    explicit repo_exception(std::string msg) :msg{ std::move(msg) } {}
function _ZN14repo_exception7get_msgB5cxx11Ev called 0 returned 0% blocks executed 0%
    #####:    7:    std::string get_msg()  {
    #####:    8:        return msg;
    %%%%%:    8-block  0
call    0 never executed
        -:    9:    }
        -:   10:};
        -:   11:
        -:   12:class validator_exception {
        -:   13:    std::string msg;
        -:   14:public:
        -:   15:    explicit validator_exception(std::string msg) :msg{ std::move(msg) } {}
function _ZN19validator_exception7get_msgB5cxx11Ev called 0 returned 0% blocks executed 0%
    #####:   16:    std::string get_msg()  {
    #####:   17:        return msg;
    %%%%%:   17-block  0
call    0 never executed
        -:   18:    }
        -:   19:};
