        -:    0:Source:C:/Users/emanu/CLionProjects/oop_qt/undo.cpp
        -:    0:Graph:C:\Users\emanu\CLionProjects\oop_qt\cmake-build-debug-coverage\CMakeFiles\oop_qt.dir\undo.cpp.gcno
        -:    0:Data:C:\Users\emanu\CLionProjects\oop_qt\cmake-build-debug-coverage\CMakeFiles\oop_qt.dir\undo.cpp.gcda
        -:    0:Runs:1
        -:    1:#include "undo.h"
        -:    2:
function _ZN10UndoAdauga6doUndoEv called 1 returned 100% blocks executed 75%
        1:    3:void UndoAdauga::doUndo() {
        -:    4:    //Reface optiunea de adauga
        1:    5:    repo.destroy(addedLocatar.get_apartament(), addedLocatar.get_nume_proprietar());
        1:    5-block  0
call    0 returned 1
branch  1 taken 1 (fallthrough)
branch  2 taken 0 (throw)
        1:    5-block  1
call    3 returned 1
branch  4 taken 1 (fallthrough)
branch  5 taken 0 (throw)
        1:    5-block  2
call    6 returned 1
branch  7 taken 1 (fallthrough)
branch  8 taken 0 (throw)
        1:    5-block  3
call    9 returned 1
    $$$$$:    5-block  4
call   10 never executed
        1:    6:}
        -:    7:
function _ZN10UndoSterge6doUndoEv called 1 returned 100% blocks executed 100%
        1:    8:void UndoSterge::doUndo() {
        -:    9:    //Reface optiunea de sterge
        1:   10:    repo.store(deletedLocatar);
        1:   10-block  0
call    0 returned 1
        1:   11:}
        -:   12:
function _ZN12UndoModifica6doUndoEv called 1 returned 100% blocks executed 64%
        1:   13:void UndoModifica::doUndo() {
        -:   14:    //Reface optiunea de modifica
        1:   15:    repo.modify(oldLocatar.get_apartament(), oldLocatar.get_nume_proprietar(), oldLocatar.get_suprafata(), oldLocatar.get_tip_apartament());
        1:   15-block  0
call    0 returned 1
branch  1 taken 1 (fallthrough)
branch  2 taken 0 (throw)
        1:   15-block  1
call    3 returned 1
branch  4 taken 1 (fallthrough)
branch  5 taken 0 (throw)
        1:   15-block  2
call    6 returned 1
branch  7 taken 1 (fallthrough)
branch  8 taken 0 (throw)
        1:   15-block  3
call    9 returned 1
branch 10 taken 1 (fallthrough)
branch 11 taken 0 (throw)
        1:   15-block  4
call   12 returned 1
branch 13 taken 1 (fallthrough)
branch 14 taken 0 (throw)
        1:   15-block  5
call   15 returned 1
call   16 returned 1
    $$$$$:   15-block  6
call   17 never executed
    $$$$$:   15-block  7
    $$$$$:   15-block  8
call   18 never executed
        1:   16:}
