        -:    0:Source:C:/Users/emanu/CLionProjects/practic/gui.h
        -:    0:Graph:C:\Users\emanu\CLionProjects\practic\cmake-build-debug-coverage\CMakeFiles\practic.dir\main.cpp.gcno
        -:    0:Data:C:\Users\emanu\CLionProjects\practic\cmake-build-debug-coverage\CMakeFiles\practic.dir\main.cpp.gcda
        -:    0:Runs:1
        -:    1:#pragma once
        -:    2:#include <QApplication>
        -:    3:#include <QWidget>
        -:    4:#include <QTableView>
        -:    5:#include <QPushButton>
        -:    6:#include <QLineEdit>
        -:    7:#include <QVBoxLayout>
        -:    8:#include <QHBoxLayout>
        -:    9:#include <QFormLayout>
        -:   10:#include <QMessageBox>
        -:   11:#include <QHeaderView>
        -:   12:#include <QSlider>
        -:   13:#include "service.h"
        -:   14:#include "TableModel.h"
        -:   15:
        -:   16:
        -:   17:class GUI : public QWidget {
        -:   18:    Service& service;
        -:   19:    MyTableModel* model;
        -:   20:
        -:   21:public:
function _ZN3GUIC1ER7Service called 1 returned 100% blocks executed 67%
        1:   22:    GUI(Service& service) : service(service) {
        1:   22-block  0
call    0 returned 1
call    1 returned 1
branch  2 taken 1 (fallthrough)
branch  3 taken 0 (throw)
        1:   22-block  1
call    4 returned 1
branch  5 taken 1 (fallthrough)
branch  6 taken 0 (throw)
        1:   22-block  2
call    7 returned 1
branch  8 taken 1 (fallthrough)
branch  9 taken 0 (throw)
        1:   22-block  3
call   10 returned 1
branch 11 taken 1 (fallthrough)
branch 12 taken 0 (throw)
        1:   22-block  4
call   13 returned 1
branch 14 taken 1 (fallthrough)
branch 15 taken 0 (throw)
        1:   22-block  5
call   16 returned 1
branch 17 taken 1 (fallthrough)
branch 18 taken 0 (throw)
        1:   22-block  6
call   19 returned 1
call   20 returned 1
branch 21 taken 1 (fallthrough)
branch 22 taken 0 (throw)
        1:   22-block  7
call   23 returned 1
branch 24 taken 1 (fallthrough)
branch 25 taken 0 (throw)
        1:   22-block  8
call   26 returned 1
branch 27 taken 1 (fallthrough)
branch 28 taken 0 (throw)
        1:   22-block  9
call   29 returned 1
call   30 returned 1
branch 31 taken 1 (fallthrough)
branch 32 taken 0 (throw)
        1:   22-block 10
call   33 returned 1
branch 34 taken 1 (fallthrough)
branch 35 taken 0 (throw)
        1:   22-block 11
call   36 returned 1
branch 37 taken 1 (fallthrough)
branch 38 taken 0 (throw)
        1:   22-block 12
call   39 returned 1
call   40 returned 1
branch 41 taken 1 (fallthrough)
branch 42 taken 0 (throw)
        1:   22-block 13
call   43 returned 1
branch 44 taken 1 (fallthrough)
branch 45 taken 0 (throw)
        1:   22-block 14
call   46 returned 1
branch 47 taken 1 (fallthrough)
branch 48 taken 0 (throw)
        1:   22-block 15
call   49 returned 1
call   50 returned 1
branch 51 taken 1 (fallthrough)
branch 52 taken 0 (throw)
        1:   22-block 16
call   53 returned 1
branch 54 taken 1 (fallthrough)
branch 55 taken 0 (throw)
        1:   22-block 17
call   56 returned 1
branch 57 taken 1 (fallthrough)
branch 58 taken 0 (throw)
        1:   22-block 18
call   59 returned 1
branch 60 taken 1 (fallthrough)
branch 61 taken 0 (throw)
        1:   22-block 19
call   62 returned 1
branch 63 taken 1 (fallthrough)
branch 64 taken 0 (throw)
        1:   22-block 20
call   65 returned 1
branch 66 taken 1 (fallthrough)
branch 67 taken 0 (throw)
        1:   22-block 21
call   68 returned 1
branch 69 taken 1 (fallthrough)
branch 70 taken 0 (throw)
        1:   22-block 22
call   71 returned 1
branch 72 taken 1 (fallthrough)
branch 73 taken 0 (throw)
    $$$$$:   22-block 23
call   74 never executed
    $$$$$:   22-block 24
call   75 never executed
    $$$$$:   22-block 25
    $$$$$:   22-block 26
call   76 never executed
    $$$$$:   22-block 27
    $$$$$:   22-block 28
call   77 never executed
    $$$$$:   22-block 29
    $$$$$:   22-block 30
call   78 never executed
    $$$$$:   22-block 31
        1:   23:        model = new MyTableModel(this);
        1:   23-block  0
call    0 returned 1
branch  1 taken 1 (fallthrough)
branch  2 taken 0 (throw)
        1:   23-block  1
call    3 returned 1
branch  4 taken 1 (fallthrough)
branch  5 taken 0 (throw)
    $$$$$:   23-block  2
branch  6 never executed (fallthrough)
branch  7 never executed
    $$$$$:   23-block  3
call    8 never executed
        1:   24:        initGUI();
        1:   24-block  0
call    0 returned 1
branch  1 taken 1 (fallthrough)
branch  2 taken 0 (throw)
        1:   25:        loadData();
        1:   25-block  0
call    0 returned 1
branch  1 taken 1 (fallthrough)
branch  2 taken 0 (throw)
        1:   26:        initConnect();
        1:   26-block  0
call    0 returned 1
branch  1 taken 1 (fallthrough)
branch  2 taken 0 (throw)
        1:   27:    }
        1:   27-block  0
    $$$$$:   27-block  1
call    0 never executed
        -:   28:
        -:   29:private:
        -:   30:    QTableView* tableView = new QTableView;
        -:   31:    QPushButton* btnExit = new QPushButton("&Exit");
        -:   32:    QPushButton* btnAdauga = new QPushButton("&Adauga");
        -:   33:    QPushButton* btnSterge = new QPushButton("&Sterge");
        -:   34:    QPushButton* btnModifica = new QPushButton("&Modifica");
        -:   35:    QLineEdit* txtId = new QLineEdit;
        -:   36:    QLineEdit* txtDenumire = new QLineEdit;
        -:   37:    QLineEdit* txtTip = new QLineEdit;
        -:   38:    QLineEdit* txtCilindrii = new QLineEdit;
        -:   39:
function _ZN3GUI11initConnectEv called 1 returned 100% blocks executed 59%
        1:   40:    void initConnect() {
        -:   41:        //Conecteaza butoanele la functionalitati
function _ZZN3GUI11initConnectEvENKUlvE_clEv called 1 returned 100% blocks executed 100%
        1:   42:        QObject::connect(btnExit, &QPushButton::clicked, [&]() {
        1:   42-block  0
call    0 returned 1
branch  1 taken 1 (fallthrough)
branch  2 taken 0 (throw)
        1:   42-block  1
call    3 returned 1
    $$$$$:   42-block  2
    $$$$$:   42-block  3
call    4 never executed
        1:   43:            close();
        1:   43-block  0
call    0 returned 1
        1:   44:        });
function _ZZN3GUI11initConnectEvENKUlvE0_clEv called 0 returned 0% blocks executed 0%
       1*:   45:        QObject::connect(btnAdauga, &QPushButton::clicked, [&]() {
call    0 returned 1
branch  1 taken 1 (fallthrough)
branch  2 taken 0 (throw)
        1:   45-block  0
call    3 returned 1
    $$$$$:   45-block  1
    $$$$$:   45-block  2
call    4 never executed
    #####:   46:            auto id = txtId->text().toInt();
    %%%%%:   46-block  0
call    0 never executed
branch  1 never executed (fallthrough)
branch  2 never executed (throw)
    %%%%%:   46-block  1
call    3 never executed
branch  4 never executed (fallthrough)
branch  5 never executed (throw)
    %%%%%:   46-block  2
call    6 never executed
    $$$$$:   46-block  3
call    7 never executed
    $$$$$:   46-block  4
    #####:   47:            auto denumire = txtDenumire->text().toStdString();
call    0 never executed
branch  1 never executed (fallthrough)
branch  2 never executed (throw)
    %%%%%:   47-block  0
call    3 never executed
branch  4 never executed (fallthrough)
branch  5 never executed (throw)
    %%%%%:   47-block  1
call    6 never executed
    $$$$$:   47-block  2
call    7 never executed
    $$$$$:   47-block  3
    #####:   48:            auto tip = txtTip->text().toStdString();
call    0 never executed
branch  1 never executed (fallthrough)
branch  2 never executed (throw)
    %%%%%:   48-block  0
call    3 never executed
branch  4 never executed (fallthrough)
branch  5 never executed (throw)
    %%%%%:   48-block  1
call    6 never executed
    $$$$$:   48-block  2
call    7 never executed
    $$$$$:   48-block  3
    #####:   49:            auto cilindrii = txtCilindrii->text().toInt();
call    0 never executed
branch  1 never executed (fallthrough)
branch  2 never executed (throw)
    %%%%%:   49-block  0
call    3 never executed
branch  4 never executed (fallthrough)
branch  5 never executed (throw)
    %%%%%:   49-block  1
call    6 never executed
    $$$$$:   49-block  2
call    7 never executed
    $$$$$:   49-block  3
        -:   50:            try {
    #####:   51:                service.adauga(id, denumire, tip, cilindrii);
call    0 never executed
branch  1 never executed (fallthrough)
branch  2 never executed (throw)
    %%%%%:   51-block  0
call    3 never executed
branch  4 never executed (fallthrough)
branch  5 never executed (throw)
    %%%%%:   51-block  1
call    6 never executed
branch  7 never executed (fallthrough)
branch  8 never executed (throw)
    %%%%%:   51-block  2
call    9 never executed
call   10 never executed
    $$$$$:   51-block  3
call   11 never executed
    $$$$$:   51-block  4
    $$$$$:   51-block  5
call   12 never executed
    $$$$$:   51-block  6
        -:   52:            }
    =====:   53:            catch (const std::runtime_error& ex) {
    $$$$$:   53-block  0
branch  0 never executed (fallthrough)
branch  1 never executed
    $$$$$:   53-block  1
call    2 never executed
    =====:   54:                QMessageBox::warning(nullptr, "Warning", ex.what());
call    0 never executed
call    1 never executed
call    2 never executed
branch  3 never executed (fallthrough)
branch  4 never executed (throw)
    $$$$$:   54-block  0
call    5 never executed
branch  6 never executed (fallthrough)
branch  7 never executed (throw)
    $$$$$:   54-block  1
call    8 never executed
branch  9 never executed (fallthrough)
branch 10 never executed (throw)
    $$$$$:   54-block  2
call   11 never executed
call   12 never executed
    $$$$$:   54-block  3
call   13 never executed
    $$$$$:   54-block  4
    $$$$$:   54-block  5
call   14 never executed
    $$$$$:   54-block  6
    $$$$$:   54-block  7
    =====:   55:            }
call    0 never executed
    $$$$$:   55-block  0
call    1 never executed
    #####:   56:            loadData();
    %%%%%:   56-block  0
call    0 never executed
branch  1 never executed (fallthrough)
branch  2 never executed (throw)
    #####:   57:        });
    %%%%%:   57-block  0
call    0 never executed
call    1 never executed
    $$$$$:   57-block  1
call    2 never executed
    $$$$$:   57-block  2
call    3 never executed
function _ZZN3GUI11initConnectEvENKUlvE1_clEv called 0 returned 0% blocks executed 0%
       1*:   58:        QObject::connect(btnSterge, &QPushButton::clicked, [&]() {
call    0 returned 1
branch  1 taken 1 (fallthrough)
branch  2 taken 0 (throw)
        1:   58-block  0
call    3 returned 1
    $$$$$:   58-block  1
    $$$$$:   58-block  2
call    4 never executed
    #####:   59:            auto id = txtId->text().toInt();
    %%%%%:   59-block  0
call    0 never executed
branch  1 never executed (fallthrough)
branch  2 never executed (throw)
    %%%%%:   59-block  1
call    3 never executed
branch  4 never executed (fallthrough)
branch  5 never executed (throw)
    %%%%%:   59-block  2
call    6 never executed
    $$$$$:   59-block  3
call    7 never executed
    $$$$$:   59-block  4
call    8 never executed
        -:   60:            try {
    #####:   61:                service.sterge(id);
call    0 never executed
branch  1 never executed (fallthrough)
branch  2 never executed (throw)
        -:   62:            }
    =====:   63:            catch (const std::runtime_error& ex) {
    $$$$$:   63-block  0
branch  0 never executed (fallthrough)
branch  1 never executed
    $$$$$:   63-block  1
call    2 never executed
    =====:   64:                QMessageBox::warning(nullptr, "Warning", ex.what());
call    0 never executed
call    1 never executed
call    2 never executed
branch  3 never executed (fallthrough)
branch  4 never executed (throw)
    $$$$$:   64-block  0
call    5 never executed
branch  6 never executed (fallthrough)
branch  7 never executed (throw)
    $$$$$:   64-block  1
call    8 never executed
branch  9 never executed (fallthrough)
branch 10 never executed (throw)
    $$$$$:   64-block  2
call   11 never executed
call   12 never executed
    $$$$$:   64-block  3
call   13 never executed
    $$$$$:   64-block  4
    $$$$$:   64-block  5
call   14 never executed
    $$$$$:   64-block  6
    $$$$$:   64-block  7
    =====:   65:            }
call    0 never executed
    $$$$$:   65-block  0
call    1 never executed
    #####:   66:            loadData();
    %%%%%:   66-block  0
call    0 never executed
    #####:   67:        });
function _ZZN3GUI11initConnectEvENKUlvE2_clEv called 0 returned 0% blocks executed 0%
       1*:   68:        QObject::connect(btnModifica, &QPushButton::clicked, [&]() {
call    0 returned 1
branch  1 taken 1 (fallthrough)
branch  2 taken 0 (throw)
        1:   68-block  0
call    3 returned 1
    $$$$$:   68-block  1
    $$$$$:   68-block  2
call    4 never executed
    #####:   69:            auto id = txtId->text().toInt();
    %%%%%:   69-block  0
call    0 never executed
branch  1 never executed (fallthrough)
branch  2 never executed (throw)
    %%%%%:   69-block  1
call    3 never executed
branch  4 never executed (fallthrough)
branch  5 never executed (throw)
    %%%%%:   69-block  2
call    6 never executed
    $$$$$:   69-block  3
call    7 never executed
    $$$$$:   69-block  4
    #####:   70:            auto denumire = txtDenumire->text().toStdString();
call    0 never executed
branch  1 never executed (fallthrough)
branch  2 never executed (throw)
    %%%%%:   70-block  0
call    3 never executed
branch  4 never executed (fallthrough)
branch  5 never executed (throw)
    %%%%%:   70-block  1
call    6 never executed
    $$$$$:   70-block  2
call    7 never executed
    $$$$$:   70-block  3
    #####:   71:            auto tip = txtTip->text().toStdString();
call    0 never executed
branch  1 never executed (fallthrough)
branch  2 never executed (throw)
    %%%%%:   71-block  0
call    3 never executed
branch  4 never executed (fallthrough)
branch  5 never executed (throw)
    %%%%%:   71-block  1
call    6 never executed
    $$$$$:   71-block  2
call    7 never executed
    $$$$$:   71-block  3
    #####:   72:            auto cilindrii = txtCilindrii->text().toInt();
call    0 never executed
branch  1 never executed (fallthrough)
branch  2 never executed (throw)
    %%%%%:   72-block  0
call    3 never executed
branch  4 never executed (fallthrough)
branch  5 never executed (throw)
    %%%%%:   72-block  1
call    6 never executed
    $$$$$:   72-block  2
call    7 never executed
    $$$$$:   72-block  3
        -:   73:            try {
    #####:   74:                service.modifica(id, denumire, tip, cilindrii);
call    0 never executed
branch  1 never executed (fallthrough)
branch  2 never executed (throw)
    %%%%%:   74-block  0
call    3 never executed
branch  4 never executed (fallthrough)
branch  5 never executed (throw)
    %%%%%:   74-block  1
call    6 never executed
branch  7 never executed (fallthrough)
branch  8 never executed (throw)
    %%%%%:   74-block  2
call    9 never executed
call   10 never executed
    $$$$$:   74-block  3
call   11 never executed
    $$$$$:   74-block  4
    $$$$$:   74-block  5
call   12 never executed
    $$$$$:   74-block  6
        -:   75:            }
    =====:   76:            catch (const std::runtime_error& ex) {
    $$$$$:   76-block  0
branch  0 never executed (fallthrough)
branch  1 never executed
    $$$$$:   76-block  1
call    2 never executed
    =====:   77:                QMessageBox::warning(nullptr, "Warning", ex.what());
call    0 never executed
call    1 never executed
call    2 never executed
branch  3 never executed (fallthrough)
branch  4 never executed (throw)
    $$$$$:   77-block  0
call    5 never executed
branch  6 never executed (fallthrough)
branch  7 never executed (throw)
    $$$$$:   77-block  1
call    8 never executed
branch  9 never executed (fallthrough)
branch 10 never executed (throw)
    $$$$$:   77-block  2
call   11 never executed
call   12 never executed
    $$$$$:   77-block  3
call   13 never executed
    $$$$$:   77-block  4
    $$$$$:   77-block  5
call   14 never executed
    $$$$$:   77-block  6
    $$$$$:   77-block  7
    =====:   78:            }
call    0 never executed
    $$$$$:   78-block  0
call    1 never executed
    #####:   79:            loadData();
    %%%%%:   79-block  0
call    0 never executed
branch  1 never executed (fallthrough)
branch  2 never executed (throw)
    #####:   80:        });
    %%%%%:   80-block  0
call    0 never executed
call    1 never executed
    $$$$$:   80-block  1
call    2 never executed
    $$$$$:   80-block  2
call    3 never executed
function _ZZN3GUI11initConnectEvENKUlRK11QModelIndexS2_E_clES2_S2_ called 1 returned 100% blocks executed 54%
        1:   81:        QObject::connect(tableView->selectionModel(), &QItemSelectionModel::currentRowChanged, [&](const QModelIndex &current, const QModelIndex &previous) {
call    0 returned 1
branch  1 taken 1 (fallthrough)
branch  2 taken 0 (throw)
        1:   81-block  0
call    3 returned 1
branch  4 taken 1 (fallthrough)
branch  5 taken 0 (throw)
        1:   81-block  1
call    6 returned 1
    $$$$$:   81-block  2
        1:   82:            if (current.isValid()) {
        1:   82-block  0
call    0 returned 1
branch  1 taken 1 (fallthrough)
branch  2 taken 0
        1:   83:                txtId->setText(model->data(model->index(current.row(), 0), Qt::DisplayRole).toString());
        1:   83-block  0
call    0 returned 1
call    1 returned 1
call    2 returned 1
branch  3 taken 1 (fallthrough)
branch  4 taken 0 (throw)
        1:   83-block  1
call    5 returned 1
branch  6 taken 1 (fallthrough)
branch  7 taken 0 (throw)
        1:   83-block  2
call    8 returned 1
branch  9 taken 1 (fallthrough)
branch 10 taken 0 (throw)
        1:   83-block  3
call   11 returned 1
branch 12 taken 1 (fallthrough)
branch 13 taken 0 (throw)
        1:   83-block  4
call   14 returned 1
call   15 returned 1
    $$$$$:   83-block  5
call   16 never executed
    $$$$$:   83-block  6
call   17 never executed
    $$$$$:   83-block  7
    $$$$$:   83-block  8
    $$$$$:   83-block  9
    $$$$$:   83-block 10
call   18 never executed
        1:   84:                txtDenumire->setText(model->data(model->index(current.row(), 1), Qt::DisplayRole).toString());
call    0 returned 1
call    1 returned 1
call    2 returned 1
branch  3 taken 1 (fallthrough)
branch  4 taken 0 (throw)
        1:   84-block  0
call    5 returned 1
branch  6 taken 1 (fallthrough)
branch  7 taken 0 (throw)
        1:   84-block  1
call    8 returned 1
branch  9 taken 1 (fallthrough)
branch 10 taken 0 (throw)
        1:   84-block  2
call   11 returned 1
branch 12 taken 1 (fallthrough)
branch 13 taken 0 (throw)
        1:   84-block  3
call   14 returned 1
call   15 returned 1
    $$$$$:   84-block  4
call   16 never executed
    $$$$$:   84-block  5
call   17 never executed
    $$$$$:   84-block  6
    $$$$$:   84-block  7
    $$$$$:   84-block  8
    $$$$$:   84-block  9
call   18 never executed
        1:   85:                txtTip->setText(model->data(model->index(current.row(), 2), Qt::DisplayRole).toString());
call    0 returned 1
call    1 returned 1
call    2 returned 1
branch  3 taken 1 (fallthrough)
branch  4 taken 0 (throw)
        1:   85-block  0
call    5 returned 1
branch  6 taken 1 (fallthrough)
branch  7 taken 0 (throw)
        1:   85-block  1
call    8 returned 1
branch  9 taken 1 (fallthrough)
branch 10 taken 0 (throw)
        1:   85-block  2
call   11 returned 1
branch 12 taken 1 (fallthrough)
branch 13 taken 0 (throw)
        1:   85-block  3
call   14 returned 1
call   15 returned 1
    $$$$$:   85-block  4
call   16 never executed
    $$$$$:   85-block  5
call   17 never executed
    $$$$$:   85-block  6
    $$$$$:   85-block  7
    $$$$$:   85-block  8
    $$$$$:   85-block  9
call   18 never executed
        1:   86:                txtCilindrii->setText(model->data(model->index(current.row(), 3), Qt::DisplayRole).toString());
call    0 returned 1
call    1 returned 1
call    2 returned 1
branch  3 taken 1 (fallthrough)
branch  4 taken 0 (throw)
        1:   86-block  0
call    5 returned 1
branch  6 taken 1 (fallthrough)
branch  7 taken 0 (throw)
        1:   86-block  1
call    8 returned 1
branch  9 taken 1 (fallthrough)
branch 10 taken 0 (throw)
        1:   86-block  2
call   11 returned 1
branch 12 taken 1 (fallthrough)
branch 13 taken 0 (throw)
        1:   86-block  3
call   14 returned 1
call   15 returned 1
    $$$$$:   86-block  4
call   16 never executed
    $$$$$:   86-block  5
call   17 never executed
    $$$$$:   86-block  6
    $$$$$:   86-block  7
    $$$$$:   86-block  8
        -:   87:            }
        1:   88:        });
        1:   88-block  0
        1:   89:    }
        -:   90:
function _ZN3GUI8loadDataEv called 1 returned 100% blocks executed 71%
        1:   91:    void loadData() {
        -:   92:        //Incarca datele in tabel
        1:   93:        auto elems = service.get_all_sortat();
        1:   93-block  0
call    0 returned 1
branch  1 taken 1 (fallthrough)
branch  2 taken 0 (throw)
        1:   94:        model->update(elems);
        1:   94-block  0
call    0 returned 1
branch  1 taken 1 (fallthrough)
branch  2 taken 0 (throw)
        1:   95:    }
        1:   95-block  0
call    0 returned 1
    $$$$$:   95-block  1
call    1 never executed
        -:   96:
function _ZN3GUI7initGUIEv called 1 returned 100% blocks executed 58%
        1:   97:    void initGUI() {
        -:   98:        //Initializeaza partea de gui
        1:   99:        QHBoxLayout* lyMain = new QHBoxLayout;
        1:   99-block  0
call    0 returned 1
call    1 returned 1
branch  2 taken 1 (fallthrough)
branch  3 taken 0 (throw)
    $$$$$:   99-block  1
branch  4 never executed (fallthrough)
branch  5 never executed
    $$$$$:   99-block  2
call    6 never executed
        1:  100:        setLayout(lyMain);
        1:  100-block  0
call    0 returned 1
        -:  101:
        1:  102:        tableView->setModel(model);
call    0 returned 1
        1:  103:        tableView->horizontalHeader()->setSectionResizeMode(QHeaderView::Stretch);
call    0 returned 1
call    1 returned 1
        -:  104:
        1:  105:        lyMain->addWidget(tableView);
call    0 returned 1
call    1 returned 1
branch  2 taken 1 (fallthrough)
branch  3 taken 0 (throw)
    $$$$$:  105-block  0
call    4 never executed
        -:  106:
        1:  107:        QVBoxLayout* stgLy = new QVBoxLayout;
        1:  107-block  0
call    0 returned 1
call    1 returned 1
branch  2 taken 1 (fallthrough)
branch  3 taken 0 (throw)
    $$$$$:  107-block  1
branch  4 never executed (fallthrough)
branch  5 never executed
    $$$$$:  107-block  2
call    6 never executed
        1:  108:        QFormLayout* formLy = new QFormLayout;
        1:  108-block  0
call    0 returned 1
call    1 returned 1
branch  2 taken 1 (fallthrough)
branch  3 taken 0 (throw)
    $$$$$:  108-block  1
branch  4 never executed (fallthrough)
branch  5 never executed
    $$$$$:  108-block  2
call    6 never executed
        1:  109:        formLy->addRow("Id", txtId);
        1:  109-block  0
call    0 returned 1
branch  1 taken 1 (fallthrough)
branch  2 taken 0 (throw)
        1:  109-block  1
call    3 returned 1
branch  4 taken 1 (fallthrough)
branch  5 taken 0 (throw)
        1:  109-block  2
call    6 returned 1
    $$$$$:  109-block  3
call    7 never executed
    $$$$$:  109-block  4
call    8 never executed
        1:  110:        formLy->addRow("Denumire", txtDenumire);
call    0 returned 1
branch  1 taken 1 (fallthrough)
branch  2 taken 0 (throw)
        1:  110-block  0
call    3 returned 1
branch  4 taken 1 (fallthrough)
branch  5 taken 0 (throw)
        1:  110-block  1
call    6 returned 1
    $$$$$:  110-block  2
call    7 never executed
    $$$$$:  110-block  3
call    8 never executed
        1:  111:        formLy->addRow("Tip", txtTip);
call    0 returned 1
branch  1 taken 1 (fallthrough)
branch  2 taken 0 (throw)
        1:  111-block  0
call    3 returned 1
branch  4 taken 1 (fallthrough)
branch  5 taken 0 (throw)
        1:  111-block  1
call    6 returned 1
    $$$$$:  111-block  2
call    7 never executed
    $$$$$:  111-block  3
call    8 never executed
        1:  112:        formLy->addRow("Cilindrii", txtCilindrii);
call    0 returned 1
branch  1 taken 1 (fallthrough)
branch  2 taken 0 (throw)
        1:  112-block  0
call    3 returned 1
branch  4 taken 1 (fallthrough)
branch  5 taken 0 (throw)
        1:  112-block  1
call    6 returned 1
    $$$$$:  112-block  2
call    7 never executed
    $$$$$:  112-block  3
call    8 never executed
        1:  113:        stgLy->addLayout(formLy);
call    0 returned 1
        -:  114:
        1:  115:        QHBoxLayout* lyBtn = new QHBoxLayout;
call    0 returned 1
call    1 returned 1
branch  2 taken 1 (fallthrough)
branch  3 taken 0 (throw)
    $$$$$:  115-block  0
branch  4 never executed (fallthrough)
branch  5 never executed
    $$$$$:  115-block  1
call    6 never executed
        1:  116:        lyBtn->addWidget(btnAdauga);
        1:  116-block  0
call    0 returned 1
call    1 returned 1
branch  2 taken 1 (fallthrough)
branch  3 taken 0 (throw)
    $$$$$:  116-block  1
call    4 never executed
        1:  117:        lyBtn->addWidget(btnSterge);
        1:  117-block  0
call    0 returned 1
call    1 returned 1
branch  2 taken 1 (fallthrough)
branch  3 taken 0 (throw)
    $$$$$:  117-block  1
call    4 never executed
        1:  118:        lyBtn->addWidget(btnModifica);
        1:  118-block  0
call    0 returned 1
call    1 returned 1
branch  2 taken 1 (fallthrough)
branch  3 taken 0 (throw)
    $$$$$:  118-block  1
call    4 never executed
        1:  119:        lyBtn->addWidget(btnExit);
        1:  119-block  0
call    0 returned 1
call    1 returned 1
branch  2 taken 1 (fallthrough)
branch  3 taken 0 (throw)
        1:  120:        stgLy->addLayout(lyBtn);
        1:  120-block  0
call    0 returned 1
        -:  121:
        1:  122:        lyMain->addLayout(stgLy);
call    0 returned 1
        1:  123:    }
        -:  124:};
