        -:    0:Source:C:/Users/emanu/CLionProjects/practic/service.cpp
        -:    0:Graph:C:\Users\emanu\CLionProjects\practic\cmake-build-debug-coverage\CMakeFiles\practic.dir\service.cpp.gcno
        -:    0:Data:C:\Users\emanu\CLionProjects\practic\cmake-build-debug-coverage\CMakeFiles\practic.dir\service.cpp.gcda
        -:    0:Runs:1
        -:    1:#include <stdexcept>
        -:    2:#include "service.h"
        -:    3:
function _ZN7Service6adaugaEiNSt7__cxx1112basic_stringIcSt11char_traitsIcESaIcEEES5_i called 13 returned 92% blocks executed 68%
       13:    4:void Service::adauga(int id, std::string denumire, std::string tip, int cilindrii) {
        -:    5:    //Valideaza si adauga un utilaj
       13:    6:    Utilaj u(id, denumire, tip, cilindrii);
       13:    6-block  0
call    0 returned 13
branch  1 taken 13 (fallthrough)
branch  2 taken 0 (throw)
       13:    6-block  1
call    3 returned 13
branch  4 taken 13 (fallthrough)
branch  5 taken 0 (throw)
       13:    6-block  2
call    6 returned 13
branch  7 taken 13 (fallthrough)
branch  8 taken 0 (throw)
       13:    6-block  3
call    9 returned 13
call   10 returned 13
    $$$$$:    6-block  4
call   11 never executed
    $$$$$:    6-block  5
    $$$$$:    6-block  6
call   12 never executed
    $$$$$:    6-block  7
       14:    7:    validator.validate(u);
call    0 returned 13
branch  1 taken 13 (fallthrough)
branch  2 taken 0 (throw)
       13:    7-block  0
call    3 returned 13
branch  4 taken 12 (fallthrough)
branch  5 taken 1 (throw)
       12:    7-block  1
call    6 returned 12
        1:    7-block  2
call    7 returned 1
        1:    7-block  3
       12:    8:    repo.add(u);
call    0 returned 12
branch  1 taken 12 (fallthrough)
branch  2 taken 0 (throw)
       12:    8-block  0
call    3 returned 12
branch  4 taken 12 (fallthrough)
branch  5 taken 0 (throw)
       12:    8-block  1
call    6 returned 12
    $$$$$:    8-block  2
call    7 never executed
    $$$$$:    8-block  3
       13:    9:}
call    0 returned 12
        1:    9-block  0
call    1 returned 1
        -:   10:
function _ZN7Service8modificaEiNSt7__cxx1112basic_stringIcSt11char_traitsIcESaIcEEES5_i called 1 returned 100% blocks executed 52%
        1:   11:void Service::modifica(int id, std::string denumire, std::string tip, int cilindrii) {
        -:   12:    //Valideaza si modifica un utilaj
        1:   13:    Utilaj u(id, denumire, tip, cilindrii);
        1:   13-block  0
call    0 returned 1
branch  1 taken 1 (fallthrough)
branch  2 taken 0 (throw)
        1:   13-block  1
call    3 returned 1
branch  4 taken 1 (fallthrough)
branch  5 taken 0 (throw)
        1:   13-block  2
call    6 returned 1
branch  7 taken 1 (fallthrough)
branch  8 taken 0 (throw)
        1:   13-block  3
call    9 returned 1
call   10 returned 1
    $$$$$:   13-block  4
call   11 never executed
    $$$$$:   13-block  5
    $$$$$:   13-block  6
call   12 never executed
    $$$$$:   13-block  7
        1:   14:    validator.validate(u);
call    0 returned 1
branch  1 taken 1 (fallthrough)
branch  2 taken 0 (throw)
        1:   14-block  0
call    3 returned 1
branch  4 taken 1 (fallthrough)
branch  5 taken 0 (throw)
        1:   14-block  1
call    6 returned 1
    $$$$$:   14-block  2
call    7 never executed
    $$$$$:   14-block  3
        1:   15:    repo.modify(id, u);
call    0 returned 1
branch  1 taken 1 (fallthrough)
branch  2 taken 0 (throw)
        1:   16:}
        1:   16-block  0
call    0 returned 1
    $$$$$:   16-block  1
call    1 never executed
        -:   17:
        -:   18:/*void Service::sterge(int id) {
        -:   19:    //Sterge un utilaj
        -:   20:    int k = 0, cil = -1;
        -:   21:    int nr = 0;
        -:   22:    for(auto &elem: get_all())
        -:   23:    {
        -:   24:        if(elem.get_id() == id)
        -:   25:        {
        -:   26:            k = 1;
        -:   27:            cil = elem.get_cilindrii();
        -:   28:        }
        -:   29:        else if(elem.get_cilindrii() == cil && k == 1)
        -:   30:        {
        -:   31:            nr++;
        -:   32:        }
        -:   33:    }
        -:   34:    if(nr > 0) repo.remove(id);
        -:   35:    else throw std::runtime_error("Este ultimul utilaj cu acest nr de cilindri!");
        -:   36:}*/
        -:   37:
function _ZN7Service6stergeEi called 2 returned 50% blocks executed 75%
        2:   38:void Service::sterge(int id) {
        -:   39:    //Sterge un utilaj
        2:   40:    int cil = cauta(id).get_cilindrii();
        2:   40-block  0
call    0 returned 2
branch  1 taken 2 (fallthrough)
branch  2 taken 0 (throw)
        2:   40-block  1
call    3 returned 2
branch  4 taken 2 (fallthrough)
branch  5 taken 0 (throw)
        2:   40-block  2
call    6 returned 2
    $$$$$:   40-block  3
call    7 never executed
    $$$$$:   40-block  4
call    8 never executed
        2:   41:    int nr = 0;
       24:   42:    for(auto &elem: get_all())
call    0 returned 2
branch  1 taken 2 (fallthrough)
branch  2 taken 0 (throw)
        2:   42-block  0
call    3 returned 2
call    4 returned 2
       22:   42-block  1
call    5 returned 22
       22:   42-block  2
call    6 returned 22
       24:   42-block  3
call    7 returned 24
branch  8 taken 22
branch  9 taken 2 (fallthrough)
        -:   43:    {
       22:   44:        if(elem.get_cilindrii() == cil)
call    0 returned 22
branch  1 taken 22 (fallthrough)
branch  2 taken 0 (throw)
       22:   44-block  0
branch  3 taken 6 (fallthrough)
branch  4 taken 16
        -:   45:        {
        6:   46:            nr++;
        6:   46-block  0
        -:   47:        }
        2:   48:    }
        2:   48-block  0
call    0 returned 2
    $$$$$:   48-block  1
call    1 never executed
        2:   49:    if(nr > 1) repo.remove(id);
branch  0 taken 1 (fallthrough)
branch  1 taken 1
        1:   49-block  0
call    2 returned 1
        1:   50:    else throw std::runtime_error("Este ultimul utilaj cu acest nr de cilindri!");
        1:   50-block  0
call    0 returned 1
call    1 returned 1
branch  2 taken 1 (fallthrough)
branch  3 taken 0 (throw)
        1:   50-block  1
call    4 returned 0
    $$$$$:   50-block  2
call    5 never executed
        1:   51:}
        -:   52:
function _ZN7Service5cautaEi called 3 returned 100% blocks executed 100%
        3:   53:Utilaj Service::cauta(int id) {
        -:   54:    //Cauta un utilaj
        3:   55:    return repo.find(id);
        3:   55-block  0
call    0 returned 3
        -:   56:}
        -:   57:
function _ZN7Service7get_allEv called 9 returned 100% blocks executed 100%
        9:   58:vector<Utilaj> Service::get_all() {
        -:   59:    //Returneaza lista de utilaje
        9:   60:    return repo.get_all();
        9:   60-block  0
call    0 returned 9
        -:   61:}
        -:   62:
function _ZN7Service14get_all_sortatEv called 2 returned 100% blocks executed 76%
        2:   63:vector<Utilaj> Service::get_all_sortat() {
        -:   64:    //Returneaza lista sortata de utilaje
        2:   65:    vector<Utilaj> rez = get_all();
        2:   65-block  0
call    0 returned 2
       21:   66:    for(int i = 0; i < rez.size() - 1; i++)
       19:   66-block  0
       21:   66-block  1
call    0 returned 21
branch  1 taken 19
branch  2 taken 2 (fallthrough)
        -:   67:    {
      119:   68:        for(int j = i + 1; j < rez.size(); j++)
       19:   68-block  0
      100:   68-block  1
      119:   68-block  2
call    0 returned 119
branch  1 taken 100
branch  2 taken 19 (fallthrough)
        -:   69:        {
      100:   70:            if(rez[i].get_tip() > rez[j].get_tip()) std::swap(rez[i], rez[j]);
      100:   70-block  0
call    0 returned 100
call    1 returned 100
branch  2 taken 100 (fallthrough)
branch  3 taken 0 (throw)
      100:   70-block  1
call    4 returned 100
call    5 returned 100
branch  6 taken 100 (fallthrough)
branch  7 taken 0 (throw)
      100:   70-block  2
call    8 returned 100
call    9 returned 100
call   10 returned 100
branch 11 taken 50 (fallthrough)
branch 12 taken 50
       50:   70-block  3
call   13 returned 50
call   14 returned 50
call   15 returned 50
    $$$$$:   70-block  4
    $$$$$:   70-block  5
call   16 never executed
    $$$$$:   70-block  6
       50:   71:            else if(rez[i].get_tip() == rez[j].get_tip())
       50:   71-block  0
call    0 returned 50
call    1 returned 50
branch  2 taken 50 (fallthrough)
branch  3 taken 0 (throw)
       50:   71-block  1
call    4 returned 50
call    5 returned 50
branch  6 taken 50 (fallthrough)
branch  7 taken 0 (throw)
       50:   71-block  2
call    8 returned 50
call    9 returned 50
call   10 returned 50
branch 11 taken 14 (fallthrough)
branch 12 taken 36
    $$$$$:   71-block  3
    $$$$$:   71-block  4
call   13 never executed
    $$$$$:   71-block  5
       14:   72:                if(rez[i].get_denumire() > rez[j].get_denumire()) std::swap(rez[i], rez[j]);
       14:   72-block  0
call    0 returned 14
call    1 returned 14
branch  2 taken 14 (fallthrough)
branch  3 taken 0 (throw)
       14:   72-block  1
call    4 returned 14
call    5 returned 14
branch  6 taken 14 (fallthrough)
branch  7 taken 0 (throw)
       14:   72-block  2
call    8 returned 14
call    9 returned 14
call   10 returned 14
branch 11 taken 10 (fallthrough)
branch 12 taken 4
       10:   72-block  3
call   13 returned 10
call   14 returned 10
call   15 returned 10
    $$$$$:   72-block  4
    $$$$$:   72-block  5
call   16 never executed
    $$$$$:   72-block  6
        -:   73:        }
        -:   74:    }
        2:   75:    return rez;}
        2:   75-block  0
        2:   75-block  1
    $$$$$:   75-block  2
call    0 never executed
