        -:    0:Source:C:/Users/emanu/CLionProjects/practic/repo.h
        -:    0:Graph:C:\Users\emanu\CLionProjects\practic\cmake-build-debug-coverage\CMakeFiles\practic.dir\teste.cpp.gcno
        -:    0:Data:C:\Users\emanu\CLionProjects\practic\cmake-build-debug-coverage\CMakeFiles\practic.dir\teste.cpp.gcda
        -:    0:Runs:1
        -:    1:#pragma once
        -:    2:#include "domain.h"
        -:    3:#include <vector>
        -:    4:using std::vector;
        -:    5:
        -:    6:class Repo
        -:    7:{
        -:    8:private:
        -:    9:    vector<Utilaj> utilaje;
        -:   10:    string fisier = "C:\\Users\\emanu\\CLionProjects\\practic\\fisier";
        -:   11:    void scrie_fisier();
        -:   12:    void citeste_fisier();
        -:   13:public:
function _ZN4RepoC1Ev called 0 returned 0% blocks executed 0%
    #####:   14:    Repo() = default;
    %%%%%:   14-block  0
call    0 never executed
    %%%%%:   14-block  1
call    1 never executed
branch  2 never executed (fallthrough)
branch  3 never executed (throw)
    $$$$$:   14-block  2
    $$$$$:   14-block  3
call    4 never executed
        -:   15:    void add(Utilaj u);
        -:   16:    void remove(int id);
        -:   17:    void modify(int id, const Utilaj& u);
        -:   18:    Utilaj find(int id);
        -:   19:    vector<Utilaj> get_all();
        -:   20:};
