        -:    0:Source:C:/Users/emanu/CLionProjects/oop_lab5_marcus/lab2.c
        -:    0:Graph:C:\Users\emanu\CLionProjects\oop_lab5_marcus\cmake-build-debug-coverage\CMakeFiles\oop_lab5_marcus.dir\lab2.c.gcno
        -:    0:Data:C:\Users\emanu\CLionProjects\oop_lab5_marcus\cmake-build-debug-coverage\CMakeFiles\oop_lab5_marcus.dir\lab2.c.gcda
        -:    0:Runs:1
        -:    1:#include "ui.h"
        -:    2:#include "tests.h"
        -:    3:#define _CRTDBG_MAP_ALLOC
        -:    4:#include <stdlib.h>
        -:    5:#include <crtdbg.h>
        -:    6:#include <stdio.h>
        -:    7:
function main called 1 returned 0% blocks executed 80%
        1:    8:int main()
        -:    9:{
        1:   10:    run_all_tests();
        1:   10-block  0
call    0 returned 1
        1:   11:    printf("Tests passed!\n");
call    0 returned 1
        1:   12:    main_ui();
call    0 returned 0
        -:   13:    _CrtDumpMemoryLeaks();
        -:   14:}
